C51 COMPILER V9.53.0.0   LCD_0_9                                                           12/20/2018 13:29:19 PAGE 1   


C51 COMPILER V9.53.0.0, COMPILATION OF MODULE LCD_0_9
OBJECT MODULE PLACED IN LCD_0-9.OBJ
COMPILER INVOKED BY: C:\Keil_v5\C51\BIN\C51.EXE LCD_0-9.c OPTIMIZE(8,SPEED) BROWSE DEBUG OBJECTEXTEND TABS(2)

line level    source

   1          #include<reg51.h>
   2          #include "8051_delay.h"
   3          #include "LCD_4_BIT_HEADER_FILE.h"
   4          
   5          int Count;
   6          void main()
   7          {
   8   1        P1=0X00;
   9   1      
  10   1        Lcd_Intialization();
  11   1      
  12   1        while(1)
  13   1        {
  14   2          Lcd_Command(0x80);
  15   2          Lcd_String("LYCO SOFT");
  16   2          
  17   2          Lcd_Command(0xc0);
  18   2          Lcd_Data(Count+48);
  19   2          delay(500);
  20   2          
  21   2          Count++;
  22   2          if(Count > 9)
  23   2            Count = 0;
  24   2        }
  25   1      }


MODULE INFORMATION:   STATIC OVERLAYABLE
   CODE SIZE        =    227    ----
   CONSTANT SIZE    =     10    ----
   XDATA SIZE       =   ----    ----
   PDATA SIZE       =   ----    ----
   DATA SIZE        =      2       3
   IDATA SIZE       =   ----    ----
   BIT SIZE         =   ----    ----
END OF MODULE INFORMATION.


C51 COMPILATION COMPLETE.  0 WARNING(S),  0 ERROR(S)
